{"D:\\Netology\\2021\\task-JS4\\Lesson_4\\L4_t2\\index.js": {"path":"D:\\Netology\\2021\\task-JS4\\Lesson_4\\L4_t2\\index.js","statementMap":{"0":{"start":{"line":1,"column":24},"end":{"line":5,"column":1}},"1":{"start":{"line":8,"column":2},"end":{"line":8,"column":49}},"2":{"start":{"line":8,"column":28},"end":{"line":8,"column":47}}},"fnMap":{"0":{"name":"sortByHealth","decl":{"start":{"line":7,"column":24},"end":{"line":7,"column":36}},"loc":{"start":{"line":7,"column":42},"end":{"line":9,"column":1}},"line":7},"1":{"name":"(anonymous_1)","decl":{"start":{"line":8,"column":18},"end":{"line":8,"column":19}},"loc":{"start":{"line":8,"column":28},"end":{"line":8,"column":47}},"line":8}},"branchMap":{},"s":{"0":1,"1":1,"2":4},"f":{"0":1,"1":4},"b":{},"_coverageSchema":"1a1c01bbd47fc00a2c39e90264f33305004495a9","hash":"08dd6ae3ef03550ec874dbf67a624377024ec3ba"}
}
